help.are
gamehelp.are
limbo.are
smurf.are
ocean.are
purgator.are
plains.are
ofcol2.are
olympus.are
air.are
shire.are
gods.are
hitower.are
gnome.are
wyvern.are
haven.are
astral.are
catacomb.are
hood.are
draconia.are
mahntor.are
ultima.are
pyramid.are
trollden.are
firenewt.are
midgaard.are
chapel.are
midennir.are
grave.are
school.are
rats.are
moria.are
circus.are
juargan.are
eastern.are
drow.are
thalos.are
mirror.are
ofcol.are
haon.are
arachnos.are
dwarven.are
daycare.are
sewer.are
valley.are
redferne.are
mega1.are
nirvana.are
castle.are
marsh.are
dream.are
grove.are
dylan.are
canyon.are
galaxy.are
mobfact.are
cult.are
tree.are
crystal.are
solace.are
descent.are
naytil.are
murky.are
highland.are
goblins.are
shaolin.are
$
